Build started 2/3/2012 11:30:06 PM.
     1>Project "C:\Users\zdr\Desktop\VR Hw1 Darui\vrhw1\vrhw1\vrhw1.vcxproj" on node 2 (build target(s)).
     1>InitializeBuildStatus:
         Creating "Debug\vrhw1.unsuccessfulbuild" because "AlwaysCreate" was specified.
       ClCompile:
         e:\Program Files (x86)\Microsoft Visual Studio 10.0\VC\bin\CL.exe /c /ZI /nologo /W3 /WX- /Od /Oy- /D WIN32 /D _DEBUG /D _CONSOLE /D _UNICODE /D UNICODE /Gm /EHsc /RTC1 /MDd /GS /fp:precise /Zc:wchar_t /Zc:forScope /Fo"Debug\\" /Fd"Debug\vc100.pdb" /Gd /TP /analyze- /errorReport:prompt homewk1_v16.cpp
         homewk1_v16.cpp
       ManifestResourceCompile:
         All outputs are up-to-date.
       Link:
         e:\Program Files (x86)\Microsoft Visual Studio 10.0\VC\bin\link.exe /ERRORREPORT:PROMPT /OUT:"C:\Users\zdr\Desktop\VR Hw1 Darui\vrhw1\Debug\vrhw1.exe" /INCREMENTAL /NOLOGO kernel32.lib user32.lib gdi32.lib winspool.lib comdlg32.lib advapi32.lib shell32.lib ole32.lib oleaut32.lib uuid.lib odbc32.lib odbccp32.lib /MANIFEST /ManifestFile:"Debug\vrhw1.exe.intermediate.manifest" /MANIFESTUAC:"level='asInvoker' uiAccess='false'" /DEBUG /PDB:"C:\Users\zdr\Desktop\VR Hw1 Darui\vrhw1\Debug\vrhw1.pdb" /SUBSYSTEM:CONSOLE /TLBID:1 /DYNAMICBASE /NXCOMPAT /IMPLIB:"C:\Users\zdr\Desktop\VR Hw1 Darui\vrhw1\Debug\vrhw1.lib" /MACHINE:X86 Debug\vrhw1.exe.embed.manifest.res
         Debug\homewk1_v16.obj
       Manifest:
         C:\Program Files (x86)\Microsoft SDKs\Windows\v7.0A\bin\mt.exe /nologo /verbose /out:"Debug\vrhw1.exe.embed.manifest" /manifest Debug\vrhw1.exe.intermediate.manifest
         All outputs are up-to-date.
       LinkEmbedManifest:
         All outputs are up-to-date.
         vrhw1.vcxproj -> C:\Users\zdr\Desktop\VR Hw1 Darui\vrhw1\Debug\vrhw1.exe
       FinalizeBuildStatus:
         Deleting file "Debug\vrhw1.unsuccessfulbuild".
         Touching "Debug\vrhw1.lastbuildstate".
     1>Done Building Project "C:\Users\zdr\Desktop\VR Hw1 Darui\vrhw1\vrhw1\vrhw1.vcxproj" (build target(s)).

Build succeeded.

Time Elapsed 00:00:01.37
