Build started 3/4/2012 7:05:04 PM.
     1>Project "C:\Users\zdr\Documents\Visual Studio 2010\Projects\Assignment 3\assignment 3\assignment 5.vcxproj" on node 2 (build target(s)).
     1>InitializeBuildStatus:
         Creating "Debug\assignment 5.unsuccessfulbuild" because "AlwaysCreate" was specified.
       ClCompile:
         e:\Program Files (x86)\Microsoft Visual Studio 10.0\VC\bin\CL.exe /c /I"C:\Documents and Settings\Prush\My Documents\Glut Directory\glut-3.7.6-bin" /ID:\Ashir_research\NSF_temp\GLUI\GLUT\GL /ZI /nologo /W3 /WX- /Od /Oy- /D WIN32 /D _DEBUG /D _CONSOLE /D _UNICODE /D UNICODE /Gm /EHsc /RTC1 /MDd /GS /fp:precise /Zc:wchar_t /Zc:forScope /Fo"Debug\\" /Fd"Debug\vc100.pdb" /Gd /TP /analyze- /errorReport:prompt main.cpp
         Skipping... (no relevant changes detected)
         main.cpp
       ManifestResourceCompile:
         C:\Program Files (x86)\Microsoft SDKs\Windows\v7.0A\bin\rc.exe /nologo /fo"Debug\assignment 5.exe.embed.manifest.res" "Debug\assignment 5_manifest.rc" 
       Link:
         e:\Program Files (x86)\Microsoft Visual Studio 10.0\VC\bin\link.exe /ERRORREPORT:PROMPT /OUT:"C:\Users\zdr\Documents\Visual Studio 2010\Projects\Assignment 3\assignment 3\Debug\assignment 5.exe" /INCREMENTAL /NOLOGO /LIBPATH:D:\Ashir_research\NSF_temp\GLUI\GLUT glut32.lib kernel32.lib user32.lib gdi32.lib winspool.lib comdlg32.lib advapi32.lib shell32.lib ole32.lib oleaut32.lib uuid.lib odbc32.lib odbccp32.lib /MANIFEST /ManifestFile:"Debug\assignment 5.exe.intermediate.manifest" /MANIFESTUAC:"level='asInvoker' uiAccess='false'" /DEBUG /PDB:"C:\Users\zdr\Documents\Visual Studio 2010\Projects\Assignment 3\assignment 3\Debug\assignment 5.pdb" /SUBSYSTEM:CONSOLE /TLBID:1 /DYNAMICBASE /NXCOMPAT /IMPLIB:"C:\Users\zdr\Documents\Visual Studio 2010\Projects\Assignment 3\assignment 3\Debug\assignment 5.lib" /MACHINE:X86 "Debug\assignment 5.exe.embed.manifest.res"
         Debug\main.obj
       Manifest:
         C:\Program Files (x86)\Microsoft SDKs\Windows\v7.0A\bin\mt.exe /nologo /verbose /out:"Debug\assignment 5.exe.embed.manifest" /manifest "Debug\assignment 5.exe.intermediate.manifest"
         All outputs are up-to-date.
       LinkEmbedManifest:
         All outputs are up-to-date.
         assignment 5.vcxproj -> C:\Users\zdr\Documents\Visual Studio 2010\Projects\Assignment 3\assignment 3\Debug\assignment 5.exe
       FinalizeBuildStatus:
         Deleting file "Debug\assignment 5.unsuccessfulbuild".
         Touching "Debug\assignment 5.lastbuildstate".
     1>Done Building Project "C:\Users\zdr\Documents\Visual Studio 2010\Projects\Assignment 3\assignment 3\assignment 5.vcxproj" (build target(s)).

Build succeeded.

Time Elapsed 00:00:03.46
