Build started 2/23/2012 7:40:41 PM.
     1>Project "C:\Users\zdr\Desktop\vrhw2 with texture\vrhw2\vrhw2.vcxproj" on node 2 (build target(s)).
     1>InitializeBuildStatus:
         Touching "Debug\vrhw2.unsuccessfulbuild".
       ClCompile:
         e:\Program Files (x86)\Microsoft Visual Studio 10.0\VC\bin\CL.exe /c /ZI /nologo /W3 /WX- /Od /Oy- /D WIN32 /D _DEBUG /D _CONSOLE /D _UNICODE /D UNICODE /Gm /EHsc /RTC1 /MDd /GS /fp:precise /Zc:wchar_t /Zc:forScope /Fo"Debug\\" /Fd"Debug\vc100.pdb" /Gd /TP /analyze- /errorReport:prompt hw2_25.cpp
         hw2_25.cpp
     1>c:\users\zdr\desktop\vrhw2 with texture\vrhw2\tga.h(22): warning C4996: 'fopen': This function or variable may be unsafe. Consider using fopen_s instead. To disable deprecation, use _CRT_SECURE_NO_WARNINGS. See online help for details.
                 e:\program files (x86)\microsoft visual studio 10.0\vc\include\stdio.h(234) : see declaration of 'fopen'
     1>c:\users\zdr\desktop\vrhw2 with texture\vrhw2\hw2_25.cpp(637): warning C4018: '<' : signed/unsigned mismatch
     1>c:\users\zdr\desktop\vrhw2 with texture\vrhw2\hw2_25.cpp(796): warning C4018: '<' : signed/unsigned mismatch
     1>c:\users\zdr\desktop\vrhw2 with texture\vrhw2\hw2_25.cpp(822): warning C4018: '<' : signed/unsigned mismatch
     1>c:\users\zdr\desktop\vrhw2 with texture\vrhw2\hw2_25.cpp(838): warning C4018: '<' : signed/unsigned mismatch
     1>c:\users\zdr\desktop\vrhw2 with texture\vrhw2\hw2_25.cpp(890): warning C4018: '<' : signed/unsigned mismatch
     1>c:\users\zdr\desktop\vrhw2 with texture\vrhw2\hw2_25.cpp(897): warning C4018: '<' : signed/unsigned mismatch
     1>c:\users\zdr\desktop\vrhw2 with texture\vrhw2\hw2_25.cpp(783): warning C4715: 'testSquare' : not all control paths return a value
       ManifestResourceCompile:
         All outputs are up-to-date.
       Link:
         e:\Program Files (x86)\Microsoft Visual Studio 10.0\VC\bin\link.exe /ERRORREPORT:PROMPT /OUT:"C:\Users\zdr\Desktop\vrhw2 with texture\Debug\vrhw2.exe" /INCREMENTAL /NOLOGO kernel32.lib user32.lib gdi32.lib winspool.lib comdlg32.lib advapi32.lib shell32.lib ole32.lib oleaut32.lib uuid.lib odbc32.lib odbccp32.lib /MANIFEST /ManifestFile:"Debug\vrhw2.exe.intermediate.manifest" /MANIFESTUAC:"level='asInvoker' uiAccess='false'" /DEBUG /PDB:"C:\Users\zdr\Desktop\vrhw2 with texture\Debug\vrhw2.pdb" /SUBSYSTEM:CONSOLE /TLBID:1 /DYNAMICBASE /NXCOMPAT /IMPLIB:"C:\Users\zdr\Desktop\vrhw2 with texture\Debug\vrhw2.lib" /MACHINE:X86 Debug\vrhw2.exe.embed.manifest.res
         Debug\hw2_25.obj
         Debug\imageloader.obj
       Manifest:
         C:\Program Files (x86)\Microsoft SDKs\Windows\v7.0A\bin\mt.exe /nologo /verbose /out:"Debug\vrhw2.exe.embed.manifest" /manifest Debug\vrhw2.exe.intermediate.manifest
         All outputs are up-to-date.
       LinkEmbedManifest:
         All outputs are up-to-date.
         vrhw2.vcxproj -> C:\Users\zdr\Desktop\vrhw2 with texture\Debug\vrhw2.exe
       FinalizeBuildStatus:
         Deleting file "Debug\vrhw2.unsuccessfulbuild".
         Touching "Debug\vrhw2.lastbuildstate".
     1>Done Building Project "C:\Users\zdr\Desktop\vrhw2 with texture\vrhw2\vrhw2.vcxproj" (build target(s)).

Build succeeded.

Time Elapsed 00:00:02.52
